<?xml version="1.0" encoding="UTF-8"?>
<robot generator="Robot 6.0.2 (Python 3.11.1 on win32)" generated="20230331 10:48:42.051" rpa="false" schemaversion="3">
<suite id="s1" name="Code2" source="c:\Users\91807\Downloads\SATHISH\PycharmProjects\RobotFramework\Testcases\code2.robot">
<test id="s1-t1" name="Login_Test" line="10">
<kw name="Open Browser" library="SeleniumLibrary">
<arg>${url}</arg>
<arg>${browser}</arg>
<doc>Opens a new browser instance to the optional ``url``.</doc>
<msg timestamp="20230331 10:48:42.403" level="INFO">Opening browser 'chrome' to base url 'https://opensource-demo.orangehrmlive.com/'.</msg>
<status status="PASS" starttime="20230331 10:48:42.402" endtime="20230331 10:48:49.381"/>
</kw>
<kw name="Maximize Browser Window" library="SeleniumLibrary">
<doc>Maximizes current browser window.</doc>
<status status="PASS" starttime="20230331 10:48:49.381" endtime="20230331 10:48:49.509"/>
</kw>
<kw name="Get Title" library="SeleniumLibrary">
<var>${title}</var>
<doc>Returns the title of the current page.</doc>
<msg timestamp="20230331 10:48:49.517" level="INFO">${title} = OrangeHRM</msg>
<status status="PASS" starttime="20230331 10:48:49.510" endtime="20230331 10:48:49.518"/>
</kw>
<kw name="Log To Console" library="BuiltIn">
<arg>${title}</arg>
<doc>Logs the given message to the console.</doc>
<status status="PASS" starttime="20230331 10:48:49.519" endtime="20230331 10:48:49.520"/>
</kw>
<kw name="Login_to_application">
<kw name="Sleep" library="BuiltIn">
<arg>5</arg>
<doc>Pauses the test executed for the given time.</doc>
<msg timestamp="20230331 10:48:54.523" level="INFO">Slept 5 seconds</msg>
<status status="PASS" starttime="20230331 10:48:49.521" endtime="20230331 10:48:54.523"/>
</kw>
<kw name="Set Variable" library="BuiltIn">
<var>${userbox}</var>
<arg>xpath://body/div[@id='app']/div[1]/div[1]/div[1]/div[1]/div[2]/div[2]/form[1]/div[1]/div[1]/div[2]/input[1]</arg>
<doc>Returns the given values which can then be assigned to a variables.</doc>
<msg timestamp="20230331 10:48:54.524" level="INFO">${userbox} = xpath://body/div[@id='app']/div[1]/div[1]/div[1]/div[1]/div[2]/div[2]/form[1]/div[1]/div[1]/div[2]/input[1]</msg>
<status status="PASS" starttime="20230331 10:48:54.523" endtime="20230331 10:48:54.524"/>
</kw>
<kw name="Element Should Be Enabled" library="SeleniumLibrary">
<arg>${userbox}</arg>
<doc>Verifies that element identified by ``locator`` is enabled.</doc>
<status status="PASS" starttime="20230331 10:48:54.524" endtime="20230331 10:48:54.570"/>
</kw>
<kw name="Element Should Be Visible" library="SeleniumLibrary">
<arg>${userbox}</arg>
<doc>Verifies that the element identified by ``locator`` is visible.</doc>
<msg timestamp="20230331 10:48:54.594" level="INFO">Element 'xpath://body/div[@id='app']/div[1]/div[1]/div[1]/div[1]/div[2]/div[2]/form[1]/div[1]/div[1]/div[2]/input[1]' is displayed.</msg>
<status status="PASS" starttime="20230331 10:48:54.571" endtime="20230331 10:48:54.594"/>
</kw>
<kw name="Input Text" library="SeleniumLibrary">
<arg>${userbox}</arg>
<arg>Admin</arg>
<doc>Types the given ``text`` into the text field identified by ``locator``.</doc>
<msg timestamp="20230331 10:48:54.595" level="INFO">Typing text 'Admin' into text field 'xpath://body/div[@id='app']/div[1]/div[1]/div[1]/div[1]/div[2]/div[2]/form[1]/div[1]/div[1]/div[2]/input[1]'.</msg>
<status status="PASS" starttime="20230331 10:48:54.594" endtime="20230331 10:48:54.685"/>
</kw>
<kw name="Sleep" library="BuiltIn">
<arg>5</arg>
<doc>Pauses the test executed for the given time.</doc>
<msg timestamp="20230331 10:48:59.685" level="INFO">Slept 5 seconds</msg>
<status status="PASS" starttime="20230331 10:48:54.685" endtime="20230331 10:48:59.685"/>
</kw>
<kw name="Input Password" library="SeleniumLibrary">
<arg>xpath://body/div[@id='app']/div[1]/div[1]/div[1]/div[1]/div[2]/div[2]/form[1]/div[2]/div[1]/div[2]/input[1]</arg>
<arg>admin123</arg>
<doc>Types the given password into the text field identified by ``locator``.</doc>
<msg timestamp="20230331 10:48:59.685" level="INFO">Typing password into text field 'xpath://body/div[@id='app']/div[1]/div[1]/div[1]/div[1]/div[2]/div[2]/form[1]/div[2]/div[1]/div[2]/input[1]'.</msg>
<msg timestamp="20230331 10:48:59.732" level="INFO">Temporally setting log level to: NONE</msg>
<msg timestamp="20230331 10:48:59.801" level="INFO">Log level changed from NONE to INFO.</msg>
<status status="PASS" starttime="20230331 10:48:59.685" endtime="20230331 10:48:59.801"/>
</kw>
<kw name="Sleep" library="BuiltIn">
<arg>5</arg>
<doc>Pauses the test executed for the given time.</doc>
<msg timestamp="20230331 10:49:04.802" level="INFO">Slept 5 seconds</msg>
<status status="PASS" starttime="20230331 10:48:59.801" endtime="20230331 10:49:04.802"/>
</kw>
<kw name="Click Element" library="SeleniumLibrary">
<arg>xpath://body/div[@id='app']/div[1]/div[1]/div[1]/div[1]/div[2]/div[2]/form[1]/div[3]/button[1]</arg>
<doc>Click the element identified by ``locator``.</doc>
<msg timestamp="20230331 10:49:04.804" level="INFO">Clicking element 'xpath://body/div[@id='app']/div[1]/div[1]/div[1]/div[1]/div[2]/div[2]/form[1]/div[3]/button[1]'.</msg>
<status status="PASS" starttime="20230331 10:49:04.803" endtime="20230331 10:49:04.860"/>
</kw>
<kw name="Sleep" library="BuiltIn">
<arg>5</arg>
<doc>Pauses the test executed for the given time.</doc>
<msg timestamp="20230331 10:49:09.861" level="INFO">Slept 5 seconds</msg>
<status status="PASS" starttime="20230331 10:49:04.860" endtime="20230331 10:49:09.861"/>
</kw>
<kw name="Click Element" library="SeleniumLibrary">
<arg>xpath://header/div[1]/div[2]/ul[1]/li[1]/span[1]/i[1]</arg>
<doc>Click the element identified by ``locator``.</doc>
<msg timestamp="20230331 10:49:09.862" level="INFO">Clicking element 'xpath://header/div[1]/div[2]/ul[1]/li[1]/span[1]/i[1]'.</msg>
<status status="PASS" starttime="20230331 10:49:09.861" endtime="20230331 10:49:09.939"/>
</kw>
<kw name="Click Element" library="SeleniumLibrary">
<arg>xpath://a[contains(text(),'Logout')]</arg>
<doc>Click the element identified by ``locator``.</doc>
<msg timestamp="20230331 10:49:09.940" level="INFO">Clicking element 'xpath://a[contains(text(),'Logout')]'.</msg>
<status status="PASS" starttime="20230331 10:49:09.940" endtime="20230331 10:49:10.935"/>
</kw>
<kw name="Sleep" library="BuiltIn">
<arg>5</arg>
<doc>Pauses the test executed for the given time.</doc>
<msg timestamp="20230331 10:49:15.936" level="INFO">Slept 5 seconds</msg>
<status status="PASS" starttime="20230331 10:49:10.935" endtime="20230331 10:49:15.936"/>
</kw>
<status status="PASS" starttime="20230331 10:48:49.521" endtime="20230331 10:49:15.936"/>
</kw>
<status status="PASS" starttime="20230331 10:48:42.399" endtime="20230331 10:49:15.936"/>
</test>
<status status="PASS" starttime="20230331 10:48:42.058" endtime="20230331 10:49:15.936"/>
</suite>
<statistics>
<total>
<stat pass="1" fail="0" skip="0">All Tests</stat>
</total>
<tag>
</tag>
<suite>
<stat pass="1" fail="0" skip="0" id="s1" name="Code2">Code2</stat>
</suite>
</statistics>
<errors>
</errors>
</robot>
