<?xml version="1.0" encoding="UTF-8"?>
<robot generator="Robot 5.0.1 (Python 3.11.1 on win32)" generated="20221229 13:01:00.032" rpa="false" schemaversion="3">
<suite id="s1" name="Frames" source="C:\Users\Admin\Desktop\Pythoncodes\RobotFramework\Testcases\Frames.robot">
<test id="s1-t1" name="Handle_Frames" line="11">
<kw name="Open Browser" library="SeleniumLibrary">
<arg>${url}</arg>
<arg>${browser}</arg>
<doc>Opens a new browser instance to the optional ``url``.</doc>
<msg timestamp="20221229 13:01:00.690" level="INFO">Opening browser 'chrome' to base url 'https://www.selenium.dev/selenium/docs/api/java/index.html?overview-summary.html'.</msg>
<status status="PASS" starttime="20221229 13:01:00.689" endtime="20221229 13:01:03.987"/>
</kw>
<kw name="Set Selenium Speed" library="SeleniumLibrary">
<arg>1seconds</arg>
<doc>Sets the delay that is waited after each Selenium command.</doc>
<status status="PASS" starttime="20221229 13:01:03.999" endtime="20221229 13:01:04.000"/>
</kw>
<kw name="Maximize Browser Window" library="SeleniumLibrary">
<doc>Maximizes current browser window.</doc>
<status status="PASS" starttime="20221229 13:01:04.002" endtime="20221229 13:01:05.246"/>
</kw>
<kw name="FrameHandlingTest" library="Frames_operations">
<kw name="Select Frame" library="SeleniumLibrary">
<arg>packageListFrame</arg>
<doc>Sets frame identified by ``locator`` as the current frame.</doc>
<msg timestamp="20221229 13:01:05.253" level="INFO">Selecting frame 'packageListFrame'.</msg>
<status status="PASS" starttime="20221229 13:01:05.250" endtime="20221229 13:01:07.375"/>
</kw>
<kw name="Click Link" library="SeleniumLibrary">
<arg>org.openqa.selenium.bidi.browsingcontext</arg>
<doc>Clicks a link identified by ``locator``.</doc>
<msg timestamp="20221229 13:01:07.376" level="INFO">Clicking link 'org.openqa.selenium.bidi.browsingcontext'.</msg>
<status status="PASS" starttime="20221229 13:01:07.375" endtime="20221229 13:01:10.537"/>
</kw>
<kw name="Unselect Frame" library="SeleniumLibrary">
<doc>Sets the main frame as the current frame.</doc>
<status status="PASS" starttime="20221229 13:01:10.537" endtime="20221229 13:01:11.541"/>
</kw>
<kw name="Select Frame" library="SeleniumLibrary">
<arg>packageFrame</arg>
<doc>Sets frame identified by ``locator`` as the current frame.</doc>
<msg timestamp="20221229 13:01:11.541" level="INFO">Selecting frame 'packageFrame'.</msg>
<status status="PASS" starttime="20221229 13:01:11.541" endtime="20221229 13:01:13.595"/>
</kw>
<kw name="Click Link" library="SeleniumLibrary">
<arg>BrowsingContext</arg>
<doc>Clicks a link identified by ``locator``.</doc>
<msg timestamp="20221229 13:01:13.596" level="INFO">Clicking link 'BrowsingContext'.</msg>
<status status="PASS" starttime="20221229 13:01:13.595" endtime="20221229 13:01:16.734"/>
</kw>
<kw name="Unselect Frame" library="SeleniumLibrary">
<doc>Sets the main frame as the current frame.</doc>
<status status="PASS" starttime="20221229 13:01:16.734" endtime="20221229 13:01:17.738"/>
</kw>
<kw name="Select Frame" library="SeleniumLibrary">
<arg>classFrame</arg>
<doc>Sets frame identified by ``locator`` as the current frame.</doc>
<msg timestamp="20221229 13:01:17.738" level="INFO">Selecting frame 'classFrame'.</msg>
<status status="PASS" starttime="20221229 13:01:17.738" endtime="20221229 13:01:19.805"/>
</kw>
<kw name="Mouse Over" library="SeleniumLibrary">
<arg>LIST_OF_BROWSING_CONTEXT_INFO</arg>
<doc>Simulates hovering the mouse over the element ``locator``.</doc>
<msg timestamp="20221229 13:01:19.805" level="INFO">Simulating Mouse Over on element 'LIST_OF_BROWSING_CONTEXT_INFO'.</msg>
<status status="PASS" starttime="20221229 13:01:19.805" endtime="20221229 13:01:22.160"/>
</kw>
<kw name="Open Context Menu" library="SeleniumLibrary">
<arg>LIST_OF_BROWSING_CONTEXT_INFO</arg>
<doc>Opens the context menu on the element identified by ``locator``.</doc>
<status status="PASS" starttime="20221229 13:01:22.160" endtime="20221229 13:01:24.510"/>
</kw>
<kw name="Press Keys" library="SeleniumLibrary">
<arg>LIST_OF_BROWSING_CONTEXT_INFO</arg>
<arg>DOWN+ENTER</arg>
<doc>Simulates the user pressing key(s) to an element or on the active browser.</doc>
<msg timestamp="20221229 13:01:24.510" level="INFO">Sending key(s) ('DOWN+ENTER',) to LIST_OF_BROWSING_CONTEXT_INFO element.</msg>
<msg timestamp="20221229 13:01:26.814" level="INFO">Pressing special key DOWN down.</msg>
<msg timestamp="20221229 13:01:26.814" level="INFO">Pressing special key ENTER down.</msg>
<msg timestamp="20221229 13:01:26.814" level="INFO">Releasing special key DOWN.</msg>
<msg timestamp="20221229 13:01:26.814" level="INFO">Releasing special key ENTER.</msg>
<status status="PASS" starttime="20221229 13:01:24.510" endtime="20221229 13:01:27.829"/>
</kw>
<status status="PASS" starttime="20221229 13:01:05.248" endtime="20221229 13:01:27.829"/>
</kw>
<kw name="Close Browser" library="SeleniumLibrary">
<doc>Closes the current browser.</doc>
<status status="PASS" starttime="20221229 13:01:27.830" endtime="20221229 13:01:31.441"/>
</kw>
<status status="PASS" starttime="20221229 13:01:00.688" endtime="20221229 13:01:31.444"/>
</test>
<status status="PASS" starttime="20221229 13:01:00.034" endtime="20221229 13:01:31.450"/>
</suite>
<statistics>
<total>
<stat pass="1" fail="0" skip="0">All Tests</stat>
</total>
<tag>
</tag>
<suite>
<stat pass="1" fail="0" skip="0" id="s1" name="Frames">Frames</stat>
</suite>
</statistics>
<errors>
</errors>
</robot>
